Arguments: 
  C:\Program Files\nodejs\node.exe C:\Program Files (x86)\Yarn\bin\yarn.js add mongodb --S

PATH: 
  D:\BSTU\3 course\Node.js\labs\lab15\node_modules\.bin;C:\Program Files\Java\jdk1.8.0_261\bin;C:\Program Files\Microsoft SQL Server\Client SDK\ODBC\170\Tools\Binn\;D:\BSTU\3 course\Java\install\apache-maven-3.6.3\bin;C:\Program Files\Git\cmd;C:\Program Files\dotnet\;C:\Windows\System32;C:\Program Files (x86)\Yarn\bin\;C:\Program Files\Docker\Docker\resources\bin;C:\ProgramData\DockerDesktop\version-bin;C:\Program Files (x86)\Calibre2\;C:\Program Files\nodejs\;C:\Windows\System32\wbem;C:\Program Files (x86)\Microsoft SQL Server\150\Tools\Binn\;C:\Program Files\Microsoft SQL Server\150\Tools\Binn\;C:\Program Files\Microsoft SQL Server\150\DTS\Binn\;C:\Program Files (x86)\Microsoft SQL Server\150\DTS\Binn\;C:\Program Files\Azure Data Studio\bin;C:\Program Files\MySQL\MySQL Shell 8.0\bin\;C:\Program Files\Java\jdk1.8.0_261;C:\Users\anton\AppData\Local\Programs\Microsoft VS Code\bin;C:\Users\anton\.dotnet\tools;C:\Users\anton\AppData\Local\GitHubDesktop\bin;C:\Windows\System32;C:\Users\anton\AppData\Local\Yarn\bin;C:\Users\anton\AppData\Roaming\npm;C:\Windows\System32\wbem;;C:\Program Files\Azure Data Studio\bin;C:\Program Files\heroku\bin

Yarn version: 
  1.22.5

Node version: 
  14.15.0

Platform: 
  win32 x64

Trace: 
  Error: getaddrinfo ENOTFOUND registry.yarnpkg.com
      at GetAddrInfoReqWrap.onlookup [as oncomplete] (dns.js:67:26)

npm manifest: 
  {
    "name": "lab15",
    "version": "1.0.0",
    "description": "",
    "main": "index.js",
    "scripts": {
      "test": "echo \"Error: no test specified\" && exit 1"
    },
    "keywords": [],
    "author": "",
    "license": "ISC"
  }

yarn manifest: 
  No manifest

Lockfile: 
  No lockfile
